<?xml version="1.0" encoding="UTF-8"?>
<!-- Generated by org.testng.reporters.JUnitReportReporter -->
<testsuite hostname="LAPTOP-1N7KCHR7" failures="0" tests="1" name="apachepoi.Excell" time="0.682" errors="0" timestamp="2024-04-15T19:06:41 IST" skipped="0">
  <testcase classname="apachepoi.Excell" name="operation" time="0.682"/>
  <system-out/>
</testsuite> <!-- apachepoi.Excell -->
